Questa Intel FPGA Edition-64 vlog 2021.3 Compiler 2021.07 Jul 13 2021
Start time: 14:09:39 on Apr 25,2024
vlog -sv -lint -suppress 13314,2643 ./testing/top_tb.sv 
-- Compiling package top_tb_sv_unit
-- Compiling module lfsr_8bit
-- Compiling module sram_64x48_1rw_wsize24
-- Compiling module sram_64x128_1rw_wsize8
-- Compiling module sram_64x128_1rw_wsize64
-- Compiling module cache
-- Compiling module inv
-- Compiling module and8
-- Compiling module and16
-- Compiling module and32
-- Compiling module and_
-- Compiling module unsigned_cmp_
-- Compiling module dec_
-- Compiling module or_
-- Compiling module mux_
-- Compiling module dff_we
-- Compiling module reg_
-- Compiling module adder
-- Compiling module up_counter
-- Compiling module fifo
-- Compiling module sign_extend
-- Compiling module predicted_NPC
-- Compiling module ifu
-- Compiling module onehot_mux_
-- Compiling module ff1
-- Compiling module regfile
-- Compiling module regfile_golden
-- Compiling module fifo_ram
-- Compiling module fifo_ram_golden
-- Compiling module rob_simple
-- Compiling module decode
-- Compiling module dispatch_simple
-- Compiling module up_down_counter
-- Compiling module extend_first1
-- Compiling module shift_queue
-- Compiling module integer_issue
-- Compiling module signed_cmp_
-- Compiling module bitwise_and
-- Compiling module bitwise_or
-- Compiling module xor_
-- Compiling module bitwise_xor
-- Compiling module integer_execute
-- Compiling module lsq_simple
-- Compiling module load_store_simple
-- Compiling module core
-- Compiling module mem_ctrl
-- Compiling module main_mem
-- Compiling module top
-- Compiling module top_tb

Top level modules:
	dff_we
	sign_extend
	regfile
	fifo_ram
	top_tb
End time: 14:09:39 on Apr 25,2024, Elapsed time: 0:00:00
Errors: 0, Warnings: 0, Suppressed Warnings: 14
Reading pref.tcl

# 2021.3

# vsim -c -L stdcells -sv_seed 1 -do "run -all; quit" top_tb 
# Start time: 14:09:40 on Apr 25,2024
# ** Note: (vsim-3812) Design is being optimized...
# //  Questa Intel FPGA Edition-64
# //  Version 2021.3 linux_x86_64 Jul 13 2021
# //
# //  Copyright 1991-2021 Mentor Graphics Corporation
# //  All Rights Reserved.
# //
# //  QuestaSim and its associated documentation contain trade
# //  secrets and commercial or financial information that are the property of
# //  Mentor Graphics Corporation and are privileged, confidential,
# //  and exempt from disclosure under the Freedom of Information Act,
# //  5 U.S.C. Section 552. Furthermore, this information
# //  is prohibited from disclosure under the Trade Secrets Act,
# //  18 U.S.C. Section 1905.
# //
# Loading sv_std.std
# Loading work.top_tb_sv_unit(fast)
# Loading work.top_tb(fast)
# Loading stdcells.OR3_X1(fast)
# Loading stdcells.INV_X1(fast)
# Loading stdcells.AND3_X1(fast)
# Loading stdcells.FA_X1(fast)
# Loading stdcells.AND2_X1(fast)
# Loading stdcells.OR2_X1(fast)
# Loading stdcells.AND2_X1(fast__1)
# Loading work.mux_(fast__2)
# Loading work.mux_(fast__3)
# Loading stdcells.AND2_X1(fast__2)
# Loading stdcells.OR2_X1(fast__1)
# Loading work.fifo(fast)
# Loading stdcells.AND4_X1(fast)
# Loading work.regfile_golden(fast)
# Loading work.regfile_golden(fast__1)
# Loading work.fifo_ram_golden(fast)
# Loading work.shift_queue(fast)
# Loading work.load_store_simple(fast)
# Loading work.lsq_simple(fast)
# run -all
# STARTING TESTBENCH time:      0
# ------| Cycle start: 0 |--------------------------------------------
# 
# STARTING TEST SET BEFORE FUNCTION 0
# STARTING TEST SET 0 time:      0
# Filling main_mem with instructions:
# INIT HAPPENING AT TIME     1
# *****| AT     5ns NEGEDGE |*****
#  
# 6 lsu.dcache.pipeline_req_valid: 0
# 6 lsu.dcache.pipeline_req_type: READ
# 6 lsu.dcache.pipeline_req_width: BYTE
# 6 lsu.dcache.pipeline_req_addr: 00000000
# 6 lsu.dcache.pipeline_req_wr_data: 00000000
# 
# 6 lsu.dcache.pipeline_req_valid_latched: 0
# 6 lsu.dcache.pipeline_req_type_latched: READ
# 6 lsu.dcache.pipeline_req_width_latched: BYTE
# 6 lsu.dcache.pipeline_req_addr_latched: 00000000
# 
# 6 lsu.dcache.tag_array.csb0 (aL): 1
# 6 lsu.dcache.tag_array.web0 (aL): 1
# 6 lsu.dcache.tag_array.wmask0: 01
# 6 lsu.dcache.tag_array.addr0: 000000
# 6 lsu.dcache.tag_array.din0: 800000800000
# 6 lsu.dcache.tag_array.dout0: 000000000000
# 
# 6 lsu.dcache.data_array.csb0 (aL): 1
# 6 lsu.dcache.data_array.web0 (aL): 1
# 6 lsu.dcache.data_array.wmask0: xxxxxxxxxxxxxxxx
# 6 lsu.dcache.data_array.addr0: 000000
# 6 lsu.dcache.data_array.din0: 00000000000000000000000000000000
# 6 lsu.dcache.data_array.dout0: 00000000000000000000000000000000
# 
# 6 lsu.dcache.tag_array_hit: 0
# 
# 6 lsu.dcache.mem_ctrl_req_valid: 0
# 6 lsu.dcache.mem_ctrl_req_type: READ
# 6 lsu.dcache.mem_ctrl_req_block_addr: 00000000
# 6 lsu.dcache.mem_ctrl_req_block_data: 0000000000000000
# 6 lsu.dcache.mem_ctrl_req_ready: 0
# 
# 6 lsu.dcache.mem_ctrl_resp_valid: 0
# 6 lsu.dcache.mem_ctrl_resp_block_data: 0000000000000000
# 
# 6 lsu.dcache.pipeline_resp_valid: 0
# 6 lsu.dcache.pipeline_resp_rd_data: 00000000
# 
#  
# 
# ------| Cycle start:    1 |--------------------------------------------
# 
# *****| AT    10ns POSEDGE |*****
#  
#  
#  
# *****| AT    15ns NEGEDGE |*****
#  
# 16 lsu.dcache.pipeline_req_valid: 0
# 16 lsu.dcache.pipeline_req_type: READ
# 16 lsu.dcache.pipeline_req_width: BYTE
# 16 lsu.dcache.pipeline_req_addr: 00000000
# 16 lsu.dcache.pipeline_req_wr_data: 00000000
# 
# 16 lsu.dcache.pipeline_req_valid_latched: 0
# 16 lsu.dcache.pipeline_req_type_latched: READ
# 16 lsu.dcache.pipeline_req_width_latched: BYTE
# 16 lsu.dcache.pipeline_req_addr_latched: 00000000
# 
# 16 lsu.dcache.tag_array.csb0 (aL): 1
# 16 lsu.dcache.tag_array.web0 (aL): 1
# 16 lsu.dcache.tag_array.wmask0: 01
# 16 lsu.dcache.tag_array.addr0: 000000
# 16 lsu.dcache.tag_array.din0: 800000800000
# 16 lsu.dcache.tag_array.dout0: 000000000000
# 
# 16 lsu.dcache.data_array.csb0 (aL): 1
# 16 lsu.dcache.data_array.web0 (aL): 1
# 16 lsu.dcache.data_array.wmask0: xxxxxxxxxxxxxxxx
# 16 lsu.dcache.data_array.addr0: 000000
# 16 lsu.dcache.data_array.din0: 00000000000000000000000000000000
# 16 lsu.dcache.data_array.dout0: 00000000000000000000000000000000
# 
# 16 lsu.dcache.tag_array_hit: 0
# 
# 16 lsu.dcache.mem_ctrl_req_valid: 0
# 16 lsu.dcache.mem_ctrl_req_type: READ
# 16 lsu.dcache.mem_ctrl_req_block_addr: 00000000
# 16 lsu.dcache.mem_ctrl_req_block_data: 0000000000000000
# 16 lsu.dcache.mem_ctrl_req_ready: 0
# 
# 16 lsu.dcache.mem_ctrl_resp_valid: 0
# 16 lsu.dcache.mem_ctrl_resp_block_data: 0000000000000000
# 
# 16 lsu.dcache.pipeline_resp_valid: 0
# 16 lsu.dcache.pipeline_resp_rd_data: 00000000
# 
#  
# 
# ------| Cycle start:    2 |--------------------------------------------
# 
# *****| AT    20ns POSEDGE |*****
#  
#  
#  
# *****| AT    25ns NEGEDGE |*****
#  
# 26 lsu.dcache.pipeline_req_valid: 0
# 26 lsu.dcache.pipeline_req_type: READ
# 26 lsu.dcache.pipeline_req_width: BYTE
# 26 lsu.dcache.pipeline_req_addr: 00000000
# 26 lsu.dcache.pipeline_req_wr_data: 00000000
# 
# 26 lsu.dcache.pipeline_req_valid_latched: 0
# 26 lsu.dcache.pipeline_req_type_latched: READ
# 26 lsu.dcache.pipeline_req_width_latched: BYTE
# 26 lsu.dcache.pipeline_req_addr_latched: 00000000
# 
# 26 lsu.dcache.tag_array.csb0 (aL): 1
# 26 lsu.dcache.tag_array.web0 (aL): 1
# 26 lsu.dcache.tag_array.wmask0: 01
# 26 lsu.dcache.tag_array.addr0: 000000
# 26 lsu.dcache.tag_array.din0: 800000800000
# 26 lsu.dcache.tag_array.dout0: 000000000000
# 
# 26 lsu.dcache.data_array.csb0 (aL): 1
# 26 lsu.dcache.data_array.web0 (aL): 1
# 26 lsu.dcache.data_array.wmask0: xxxxxxxxxxxxxxxx
# 26 lsu.dcache.data_array.addr0: 000000
# 26 lsu.dcache.data_array.din0: 00000000000000000000000000000000
# 26 lsu.dcache.data_array.dout0: 00000000000000000000000000000000
# 
# 26 lsu.dcache.tag_array_hit: 0
# 
# 26 lsu.dcache.mem_ctrl_req_valid: 0
# 26 lsu.dcache.mem_ctrl_req_type: READ
# 26 lsu.dcache.mem_ctrl_req_block_addr: 00000000
# 26 lsu.dcache.mem_ctrl_req_block_data: 0000000000000000
# 26 lsu.dcache.mem_ctrl_req_ready: 0
# 
# 26 lsu.dcache.mem_ctrl_resp_valid: 0
# 26 lsu.dcache.mem_ctrl_resp_block_data: 0000000000000000
# 
# 26 lsu.dcache.pipeline_resp_valid: 0
# 26 lsu.dcache.pipeline_resp_rd_data: 00000000
# 
#  
# 
# ------| Cycle start:    3 |--------------------------------------------
# 
# *****| AT    30ns POSEDGE |*****
#  
#  
#  
# *****| AT    35ns NEGEDGE |*****
#  
# 36 lsu.dcache.pipeline_req_valid: 0
# 36 lsu.dcache.pipeline_req_type: READ
# 36 lsu.dcache.pipeline_req_width: BYTE
# 36 lsu.dcache.pipeline_req_addr: 00000000
# 36 lsu.dcache.pipeline_req_wr_data: 00000000
# 
# 36 lsu.dcache.pipeline_req_valid_latched: 0
# 36 lsu.dcache.pipeline_req_type_latched: READ
# 36 lsu.dcache.pipeline_req_width_latched: BYTE
# 36 lsu.dcache.pipeline_req_addr_latched: 00000000
# 
# 36 lsu.dcache.tag_array.csb0 (aL): 1
# 36 lsu.dcache.tag_array.web0 (aL): 1
# 36 lsu.dcache.tag_array.wmask0: 01
# 36 lsu.dcache.tag_array.addr0: 000000
# 36 lsu.dcache.tag_array.din0: 800000800000
# 36 lsu.dcache.tag_array.dout0: 000000000000
# 
# 36 lsu.dcache.data_array.csb0 (aL): 1
# 36 lsu.dcache.data_array.web0 (aL): 1
# 36 lsu.dcache.data_array.wmask0: xxxxxxxxxxxxxxxx
# 36 lsu.dcache.data_array.addr0: 000000
# 36 lsu.dcache.data_array.din0: 00000000000000000000000000000000
# 36 lsu.dcache.data_array.dout0: 00000000000000000000000000000000
# 
# 36 lsu.dcache.tag_array_hit: 0
# 
# 36 lsu.dcache.mem_ctrl_req_valid: 0
# 36 lsu.dcache.mem_ctrl_req_type: READ
# 36 lsu.dcache.mem_ctrl_req_block_addr: 00000000
# 36 lsu.dcache.mem_ctrl_req_block_data: 0000000000000000
# 36 lsu.dcache.mem_ctrl_req_ready: 0
# 
# 36 lsu.dcache.mem_ctrl_resp_valid: 0
# 36 lsu.dcache.mem_ctrl_resp_block_data: 0000000000000000
# 
# 36 lsu.dcache.pipeline_resp_valid: 0
# 36 lsu.dcache.pipeline_resp_rd_data: 00000000
# 
#  
# 
# ------| Cycle start:    4 |--------------------------------------------
# 
# *****| AT    40ns POSEDGE |*****
#  
#  
#  
# *****| AT    45ns NEGEDGE |*****
#  
# 46 lsu.dcache.pipeline_req_valid: 0
# 46 lsu.dcache.pipeline_req_type: READ
# 46 lsu.dcache.pipeline_req_width: BYTE
# 46 lsu.dcache.pipeline_req_addr: 00000000
# 46 lsu.dcache.pipeline_req_wr_data: 00000000
# 
# 46 lsu.dcache.pipeline_req_valid_latched: 0
# 46 lsu.dcache.pipeline_req_type_latched: READ
# 46 lsu.dcache.pipeline_req_width_latched: BYTE
# 46 lsu.dcache.pipeline_req_addr_latched: 00000000
# 
# 46 lsu.dcache.tag_array.csb0 (aL): 1
# 46 lsu.dcache.tag_array.web0 (aL): 1
# 46 lsu.dcache.tag_array.wmask0: 01
# 46 lsu.dcache.tag_array.addr0: 000000
# 46 lsu.dcache.tag_array.din0: 800000800000
# 46 lsu.dcache.tag_array.dout0: 000000000000
# 
# 46 lsu.dcache.data_array.csb0 (aL): 1
# 46 lsu.dcache.data_array.web0 (aL): 1
# 46 lsu.dcache.data_array.wmask0: xxxxxxxxxxxxxxxx
# 46 lsu.dcache.data_array.addr0: 000000
# 46 lsu.dcache.data_array.din0: 00000000000000000000000000000000
# 46 lsu.dcache.data_array.dout0: 00000000000000000000000000000000
# 
# 46 lsu.dcache.tag_array_hit: 0
# 
# 46 lsu.dcache.mem_ctrl_req_valid: 0
# 46 lsu.dcache.mem_ctrl_req_type: READ
# 46 lsu.dcache.mem_ctrl_req_block_addr: 00000000
# 46 lsu.dcache.mem_ctrl_req_block_data: 0000000000000000
# 46 lsu.dcache.mem_ctrl_req_ready: 0
# 
# 46 lsu.dcache.mem_ctrl_resp_valid: 0
# 46 lsu.dcache.mem_ctrl_resp_block_data: 0000000000000000
# 
# 46 lsu.dcache.pipeline_resp_valid: 0
# 46 lsu.dcache.pipeline_resp_rd_data: 00000000
# 
#  
# 
# ------| Cycle start:    5 |--------------------------------------------
# 
# *****| AT    50ns POSEDGE |*****
#  
#  
#  
# *****| AT    55ns NEGEDGE |*****
#  
# 56 lsu.dcache.pipeline_req_valid: 0
# 56 lsu.dcache.pipeline_req_type: READ
# 56 lsu.dcache.pipeline_req_width: BYTE
# 56 lsu.dcache.pipeline_req_addr: 00000000
# 56 lsu.dcache.pipeline_req_wr_data: 00000000
# 
# 56 lsu.dcache.pipeline_req_valid_latched: 0
# 56 lsu.dcache.pipeline_req_type_latched: READ
# 56 lsu.dcache.pipeline_req_width_latched: BYTE
# 56 lsu.dcache.pipeline_req_addr_latched: 00000000
# 
# 56 lsu.dcache.tag_array.csb0 (aL): 1
# 56 lsu.dcache.tag_array.web0 (aL): 1
# 56 lsu.dcache.tag_array.wmask0: 01
# 56 lsu.dcache.tag_array.addr0: 000000
# 56 lsu.dcache.tag_array.din0: 800000800000
# 56 lsu.dcache.tag_array.dout0: 000000000000
# 
# 56 lsu.dcache.data_array.csb0 (aL): 1
# 56 lsu.dcache.data_array.web0 (aL): 1
# 56 lsu.dcache.data_array.wmask0: xxxxxxxxxxxxxxxx
# 56 lsu.dcache.data_array.addr0: 000000
# 56 lsu.dcache.data_array.din0: 00000000000000000000000000000000
# 56 lsu.dcache.data_array.dout0: 00000000000000000000000000000000
# 
# 56 lsu.dcache.tag_array_hit: 0
# 
# 56 lsu.dcache.mem_ctrl_req_valid: 0
# 56 lsu.dcache.mem_ctrl_req_type: READ
# 56 lsu.dcache.mem_ctrl_req_block_addr: 00000000
# 56 lsu.dcache.mem_ctrl_req_block_data: 0000000000000000
# 56 lsu.dcache.mem_ctrl_req_ready: 0
# 
# 56 lsu.dcache.mem_ctrl_resp_valid: 0
# 56 lsu.dcache.mem_ctrl_resp_block_data: 0000000000000000
# 
# 56 lsu.dcache.pipeline_resp_valid: 0
# 56 lsu.dcache.pipeline_resp_rd_data: 00000000
# 
#  
# 
# ------| Cycle start:    6 |--------------------------------------------
# 
# *****| AT    60ns POSEDGE |*****
#  
#  
#  
# *****| AT    65ns NEGEDGE |*****
#  
# 66 lsu.dcache.pipeline_req_valid: 0
# 66 lsu.dcache.pipeline_req_type: READ
# 66 lsu.dcache.pipeline_req_width: BYTE
# 66 lsu.dcache.pipeline_req_addr: 00000000
# 66 lsu.dcache.pipeline_req_wr_data: 00000000
# 
# 66 lsu.dcache.pipeline_req_valid_latched: 0
# 66 lsu.dcache.pipeline_req_type_latched: READ
# 66 lsu.dcache.pipeline_req_width_latched: BYTE
# 66 lsu.dcache.pipeline_req_addr_latched: 00000000
# 
# 66 lsu.dcache.tag_array.csb0 (aL): 1
# 66 lsu.dcache.tag_array.web0 (aL): 1
# 66 lsu.dcache.tag_array.wmask0: 01
# 66 lsu.dcache.tag_array.addr0: 000000
# 66 lsu.dcache.tag_array.din0: 800000800000
# 66 lsu.dcache.tag_array.dout0: 000000000000
# 
# 66 lsu.dcache.data_array.csb0 (aL): 1
# 66 lsu.dcache.data_array.web0 (aL): 1
# 66 lsu.dcache.data_array.wmask0: xxxxxxxxxxxxxxxx
# 66 lsu.dcache.data_array.addr0: 000000
# 66 lsu.dcache.data_array.din0: 00000000000000000000000000000000
# 66 lsu.dcache.data_array.dout0: 00000000000000000000000000000000
# 
# 66 lsu.dcache.tag_array_hit: 0
# 
# 66 lsu.dcache.mem_ctrl_req_valid: 0
# 66 lsu.dcache.mem_ctrl_req_type: READ
# 66 lsu.dcache.mem_ctrl_req_block_addr: 00000000
# 66 lsu.dcache.mem_ctrl_req_block_data: 0000000000000000
# 66 lsu.dcache.mem_ctrl_req_ready: 0
# 
# 66 lsu.dcache.mem_ctrl_resp_valid: 0
# 66 lsu.dcache.mem_ctrl_resp_block_data: 0000000000000000
# 
# 66 lsu.dcache.pipeline_resp_valid: 0
# 66 lsu.dcache.pipeline_resp_rd_data: 00000000
# 
#  
# 
# ------| Cycle start:    7 |--------------------------------------------
# 
# *****| AT    70ns POSEDGE |*****
#  
#  
#  
# *****| AT    75ns NEGEDGE |*****
#  
# 76 lsu.dcache.pipeline_req_valid: 0
# 76 lsu.dcache.pipeline_req_type: READ
# 76 lsu.dcache.pipeline_req_width: BYTE
# 76 lsu.dcache.pipeline_req_addr: 00000000
# 76 lsu.dcache.pipeline_req_wr_data: 00000000
# 
# 76 lsu.dcache.pipeline_req_valid_latched: 0
# 76 lsu.dcache.pipeline_req_type_latched: READ
# 76 lsu.dcache.pipeline_req_width_latched: BYTE
# 76 lsu.dcache.pipeline_req_addr_latched: 00000000
# 
# 76 lsu.dcache.tag_array.csb0 (aL): 1
# 76 lsu.dcache.tag_array.web0 (aL): 1
# 76 lsu.dcache.tag_array.wmask0: 01
# 76 lsu.dcache.tag_array.addr0: 000000
# 76 lsu.dcache.tag_array.din0: 800000800000
# 76 lsu.dcache.tag_array.dout0: 000000000000
# 
# 76 lsu.dcache.data_array.csb0 (aL): 1
# 76 lsu.dcache.data_array.web0 (aL): 1
# 76 lsu.dcache.data_array.wmask0: xxxxxxxxxxxxxxxx
# 76 lsu.dcache.data_array.addr0: 000000
# 76 lsu.dcache.data_array.din0: 00000000000000000000000000000000
# 76 lsu.dcache.data_array.dout0: 00000000000000000000000000000000
# 
# 76 lsu.dcache.tag_array_hit: 0
# 
# 76 lsu.dcache.mem_ctrl_req_valid: 0
# 76 lsu.dcache.mem_ctrl_req_type: READ
# 76 lsu.dcache.mem_ctrl_req_block_addr: 00000000
# 76 lsu.dcache.mem_ctrl_req_block_data: 0000000000000000
# 76 lsu.dcache.mem_ctrl_req_ready: 0
# 
# 76 lsu.dcache.mem_ctrl_resp_valid: 0
# 76 lsu.dcache.mem_ctrl_resp_block_data: 0000000000000000
# 
# 76 lsu.dcache.pipeline_resp_valid: 0
# 76 lsu.dcache.pipeline_resp_rd_data: 00000000
# 
#  
# 
# ------| Cycle start:    8 |--------------------------------------------
# 
# *****| AT    80ns POSEDGE |*****
#  
#  
#  
# *****| AT    85ns NEGEDGE |*****
#  
# 86 lsu.dcache.pipeline_req_valid: 0
# 86 lsu.dcache.pipeline_req_type: READ
# 86 lsu.dcache.pipeline_req_width: BYTE
# 86 lsu.dcache.pipeline_req_addr: 00000000
# 86 lsu.dcache.pipeline_req_wr_data: 00000000
# 
# 86 lsu.dcache.pipeline_req_valid_latched: 0
# 86 lsu.dcache.pipeline_req_type_latched: READ
# 86 lsu.dcache.pipeline_req_width_latched: BYTE
# 86 lsu.dcache.pipeline_req_addr_latched: 00000000
# 
# 86 lsu.dcache.tag_array.csb0 (aL): 1
# 86 lsu.dcache.tag_array.web0 (aL): 1
# 86 lsu.dcache.tag_array.wmask0: 01
# 86 lsu.dcache.tag_array.addr0: 000000
# 86 lsu.dcache.tag_array.din0: 800000800000
# 86 lsu.dcache.tag_array.dout0: 000000000000
# 
# 86 lsu.dcache.data_array.csb0 (aL): 1
# 86 lsu.dcache.data_array.web0 (aL): 1
# 86 lsu.dcache.data_array.wmask0: xxxxxxxxxxxxxxxx
# 86 lsu.dcache.data_array.addr0: 000000
# 86 lsu.dcache.data_array.din0: 00000000000000000000000000000000
# 86 lsu.dcache.data_array.dout0: 00000000000000000000000000000000
# 
# 86 lsu.dcache.tag_array_hit: 0
# 
# 86 lsu.dcache.mem_ctrl_req_valid: 0
# 86 lsu.dcache.mem_ctrl_req_type: READ
# 86 lsu.dcache.mem_ctrl_req_block_addr: 00000000
# 86 lsu.dcache.mem_ctrl_req_block_data: 0000000000000000
# 86 lsu.dcache.mem_ctrl_req_ready: 0
# 
# 86 lsu.dcache.mem_ctrl_resp_valid: 0
# 86 lsu.dcache.mem_ctrl_resp_block_data: 0000000000000000
# 
# 86 lsu.dcache.pipeline_resp_valid: 0
# 86 lsu.dcache.pipeline_resp_rd_data: 00000000
# 
#  
# 
# ------| Cycle start:    9 |--------------------------------------------
# 
# *****| AT    90ns POSEDGE |*****
#  
#  
#  
# *****| AT    95ns NEGEDGE |*****
#  
# 96 lsu.dcache.pipeline_req_valid: 0
# 96 lsu.dcache.pipeline_req_type: READ
# 96 lsu.dcache.pipeline_req_width: BYTE
# 96 lsu.dcache.pipeline_req_addr: 00000000
# 96 lsu.dcache.pipeline_req_wr_data: 00000000
# 
# 96 lsu.dcache.pipeline_req_valid_latched: 0
# 96 lsu.dcache.pipeline_req_type_latched: READ
# 96 lsu.dcache.pipeline_req_width_latched: BYTE
# 96 lsu.dcache.pipeline_req_addr_latched: 00000000
# 
# 96 lsu.dcache.tag_array.csb0 (aL): 1
# 96 lsu.dcache.tag_array.web0 (aL): 1
# 96 lsu.dcache.tag_array.wmask0: 01
# 96 lsu.dcache.tag_array.addr0: 000000
# 96 lsu.dcache.tag_array.din0: 800000800000
# 96 lsu.dcache.tag_array.dout0: 000000000000
# 
# 96 lsu.dcache.data_array.csb0 (aL): 1
# 96 lsu.dcache.data_array.web0 (aL): 1
# 96 lsu.dcache.data_array.wmask0: xxxxxxxxxxxxxxxx
# 96 lsu.dcache.data_array.addr0: 000000
# 96 lsu.dcache.data_array.din0: 00000000000000000000000000000000
# 96 lsu.dcache.data_array.dout0: 00000000000000000000000000000000
# 
# 96 lsu.dcache.tag_array_hit: 0
# 
# 96 lsu.dcache.mem_ctrl_req_valid: 0
# 96 lsu.dcache.mem_ctrl_req_type: READ
# 96 lsu.dcache.mem_ctrl_req_block_addr: 00000000
# 96 lsu.dcache.mem_ctrl_req_block_data: 0000000000000000
# 96 lsu.dcache.mem_ctrl_req_ready: 0
# 
# 96 lsu.dcache.mem_ctrl_resp_valid: 0
# 96 lsu.dcache.mem_ctrl_resp_block_data: 0000000000000000
# 
# 96 lsu.dcache.pipeline_resp_valid: 0
# 96 lsu.dcache.pipeline_resp_rd_data: 00000000
# 
#  
# 
# ------| Cycle start:   10 |--------------------------------------------
# 
# *****| AT   100ns POSEDGE |*****
#  
# DISPATCH: IFIFO DISPATCH DATA 0x204b88c0004063000010190
# DISPATCH: IFIFO DISPATCH READY 1
# DISPATCH: Ready ins: (ififo_dis_v: 1 rob_v: 1 (enq_ctr: 000000 deq_ctr: 000000) iiq_ok: 1 lsq_ok: 1)
# DISPATCH: IIQ DISP V: 0
# DECODE INSTR: 00812e23
# DISPATCH: IIQ DISP ENTRY:
#  
# src1_valid: 1
# src1_rob_id: 0
# src1_ready: 1
# src1_data:      65928
# src2_valid: 1
# src2_rob_id: 0
# src2_ready: 1
# src2_data:      65928
# dst_valid: 0
# instr_rob_id: 0
# imm:         28
# pc: 0001018c
# funct3: 010
# is_r_type: 0
# is_i_type: 0
# is_u_type: 0
# is_b_type: 0
# is_j_type: 0
# is_sub: 0
# is_sra_srai: 0
# is_lui: 0
# is_jalr: 0
# br_dir_pred: 0
# br_target_pred: 00010190
#  
#  
#  
# 106 lsu.dcache.pipeline_req_valid: 0
# 106 lsu.dcache.pipeline_req_type: READ
# 106 lsu.dcache.pipeline_req_width: BYTE
# 106 lsu.dcache.pipeline_req_addr: 00000000
# 106 lsu.dcache.pipeline_req_wr_data: 00000000
# 
# 106 lsu.dcache.pipeline_req_valid_latched: 0
# 106 lsu.dcache.pipeline_req_type_latched: READ
# 106 lsu.dcache.pipeline_req_width_latched: BYTE
# 106 lsu.dcache.pipeline_req_addr_latched: 00000000
# 
# 106 lsu.dcache.tag_array.csb0 (aL): 1
# 106 lsu.dcache.tag_array.web0 (aL): 1
# 106 lsu.dcache.tag_array.wmask0: 01
# 106 lsu.dcache.tag_array.addr0: 000000
# 106 lsu.dcache.tag_array.din0: 800000800000
# 106 lsu.dcache.tag_array.dout0: 000000000000
# 
# 106 lsu.dcache.data_array.csb0 (aL): 1
# 106 lsu.dcache.data_array.web0 (aL): 1
# 106 lsu.dcache.data_array.wmask0: xxxxxxxxxxxxxxxx
# 106 lsu.dcache.data_array.addr0: 000000
# 106 lsu.dcache.data_array.din0: 00000000000000000000000000000000
# 106 lsu.dcache.data_array.dout0: 00000000000000000000000000000000
# 
# 106 lsu.dcache.tag_array_hit: 0
# 
# 106 lsu.dcache.mem_ctrl_req_valid: 0
# 106 lsu.dcache.mem_ctrl_req_type: READ
# 106 lsu.dcache.mem_ctrl_req_block_addr: 00000000
# 106 lsu.dcache.mem_ctrl_req_block_data: 0000000000000000
# 106 lsu.dcache.mem_ctrl_req_ready: 0
# 
# 106 lsu.dcache.mem_ctrl_resp_valid: 0
# 106 lsu.dcache.mem_ctrl_resp_block_data: 0000000000000000
# 
# 106 lsu.dcache.pipeline_resp_valid: 0
# 106 lsu.dcache.pipeline_resp_rd_data: 00000000
# 
#  
#  
#  
#  
# 116 lsu.dcache.pipeline_req_valid: 1
# 116 lsu.dcache.pipeline_req_type: WRITE
# 116 lsu.dcache.pipeline_req_width: WORD
# 116 lsu.dcache.pipeline_req_addr: 000101a4
# 116 lsu.dcache.pipeline_req_wr_data: 00010188
# 
# 116 lsu.dcache.pipeline_req_valid_latched: 0
# 116 lsu.dcache.pipeline_req_type_latched: READ
# 116 lsu.dcache.pipeline_req_width_latched: BYTE
# 116 lsu.dcache.pipeline_req_addr_latched: 00000000
# 
# 116 lsu.dcache.tag_array.csb0 (aL): 0
# 116 lsu.dcache.tag_array.web0 (aL): 1
# 116 lsu.dcache.tag_array.wmask0: 01
# 116 lsu.dcache.tag_array.addr0: 110100
# 116 lsu.dcache.tag_array.din0: 800080800080
# 116 lsu.dcache.tag_array.dout0: 000000000000
# 
# 116 lsu.dcache.data_array.csb0 (aL): 0
# 116 lsu.dcache.data_array.web0 (aL): 0
# 116 lsu.dcache.data_array.wmask0: xxxxxxxxxxxxxxxx
# 116 lsu.dcache.data_array.addr0: 110100
# 116 lsu.dcache.data_array.din0: 00010188000101880001018800010188
# 116 lsu.dcache.data_array.dout0: 00000000000000000000000000000000
# 
# 116 lsu.dcache.tag_array_hit: 0
# 
# 116 lsu.dcache.mem_ctrl_req_valid: 0
# 116 lsu.dcache.mem_ctrl_req_type: READ
# 116 lsu.dcache.mem_ctrl_req_block_addr: 00000000
# 116 lsu.dcache.mem_ctrl_req_block_data: 0000000000000000
# 116 lsu.dcache.mem_ctrl_req_ready: 0
# 
# 116 lsu.dcache.mem_ctrl_resp_valid: 0
# 116 lsu.dcache.mem_ctrl_resp_block_data: 0000000000000000
# 
# 116 lsu.dcache.pipeline_resp_valid: 0
# 116 lsu.dcache.pipeline_resp_rd_data: 00000000
# 
#  
#  
#  
#  
# 126 lsu.dcache.pipeline_req_valid: 1
# 126 lsu.dcache.pipeline_req_type: WRITE
# 126 lsu.dcache.pipeline_req_width: WORD
# 126 lsu.dcache.pipeline_req_addr: 000101a4
# 126 lsu.dcache.pipeline_req_wr_data: 00010188
# 
# 126 lsu.dcache.pipeline_req_valid_latched: 1
# 126 lsu.dcache.pipeline_req_type_latched: WRITE
# 126 lsu.dcache.pipeline_req_width_latched: WORD
# 126 lsu.dcache.pipeline_req_addr_latched: 000101a4
# 
# 126 lsu.dcache.tag_array.csb0 (aL): 0
# 126 lsu.dcache.tag_array.web0 (aL): 1
# 126 lsu.dcache.tag_array.wmask0: 01
# 126 lsu.dcache.tag_array.addr0: 110100
# 126 lsu.dcache.tag_array.din0: 800080800080
# 126 lsu.dcache.tag_array.dout0: 000000000000
# 
# 126 lsu.dcache.data_array.csb0 (aL): 0
# 126 lsu.dcache.data_array.web0 (aL): 0
# 126 lsu.dcache.data_array.wmask0: xxxxxxxxxxxxxxxx
# 126 lsu.dcache.data_array.addr0: 110100
# 126 lsu.dcache.data_array.din0: 00010188000101880001018800010188
# 126 lsu.dcache.data_array.dout0: 00000000000000000000000000000000
# 
# 126 lsu.dcache.tag_array_hit: 0
# 
# 126 lsu.dcache.mem_ctrl_req_valid: 1
# 126 lsu.dcache.mem_ctrl_req_type: READ
# 126 lsu.dcache.mem_ctrl_req_block_addr: 00002034
# 126 lsu.dcache.mem_ctrl_req_block_data: 0000000000000000
# 126 lsu.dcache.mem_ctrl_req_ready: 1
# 
# 126 lsu.dcache.mem_ctrl_resp_valid: 0
# 126 lsu.dcache.mem_ctrl_resp_block_data: 0000000000000000
# 
# 126 lsu.dcache.pipeline_resp_valid: 0
# 126 lsu.dcache.pipeline_resp_rd_data: 00000000
# 
#  
#  
#  
#  
# 136 lsu.dcache.pipeline_req_valid: 1
# 136 lsu.dcache.pipeline_req_type: WRITE
# 136 lsu.dcache.pipeline_req_width: WORD
# 136 lsu.dcache.pipeline_req_addr: 000101a4
# 136 lsu.dcache.pipeline_req_wr_data: 00010188
# 
# 136 lsu.dcache.pipeline_req_valid_latched: 1
# 136 lsu.dcache.pipeline_req_type_latched: WRITE
# 136 lsu.dcache.pipeline_req_width_latched: WORD
# 136 lsu.dcache.pipeline_req_addr_latched: 000101a4
# 
# 136 lsu.dcache.tag_array.csb0 (aL): 0
# 136 lsu.dcache.tag_array.web0 (aL): 1
# 136 lsu.dcache.tag_array.wmask0: 01
# 136 lsu.dcache.tag_array.addr0: 110100
# 136 lsu.dcache.tag_array.din0: 800080800080
# 136 lsu.dcache.tag_array.dout0: 000000000000
# 
# 136 lsu.dcache.data_array.csb0 (aL): 0
# 136 lsu.dcache.data_array.web0 (aL): 0
# 136 lsu.dcache.data_array.wmask0: xxxxxxxxxxxxxxxx
# 136 lsu.dcache.data_array.addr0: 110100
# 136 lsu.dcache.data_array.din0: 00010188000101880001018800010188
# 136 lsu.dcache.data_array.dout0: 00000000000000000000000000000000
# 
# 136 lsu.dcache.tag_array_hit: 0
# 
# 136 lsu.dcache.mem_ctrl_req_valid: 0
# 136 lsu.dcache.mem_ctrl_req_type: READ
# 136 lsu.dcache.mem_ctrl_req_block_addr: 00002034
# 136 lsu.dcache.mem_ctrl_req_block_data: 0000000000000000
# 136 lsu.dcache.mem_ctrl_req_ready: 0
# 
# 136 lsu.dcache.mem_ctrl_resp_valid: 0
# 136 lsu.dcache.mem_ctrl_resp_block_data: 0000000000000000
# 
# 136 lsu.dcache.pipeline_resp_valid: 0
# 136 lsu.dcache.pipeline_resp_rd_data: 00000000
# 
#  
#  
#  
#  
# 146 lsu.dcache.pipeline_req_valid: 1
# 146 lsu.dcache.pipeline_req_type: WRITE
# 146 lsu.dcache.pipeline_req_width: WORD
# 146 lsu.dcache.pipeline_req_addr: 000101a4
# 146 lsu.dcache.pipeline_req_wr_data: 00010188
# 
# 146 lsu.dcache.pipeline_req_valid_latched: 1
# 146 lsu.dcache.pipeline_req_type_latched: WRITE
# 146 lsu.dcache.pipeline_req_width_latched: WORD
# 146 lsu.dcache.pipeline_req_addr_latched: 000101a4
# 
# 146 lsu.dcache.tag_array.csb0 (aL): 0
# 146 lsu.dcache.tag_array.web0 (aL): 1
# 146 lsu.dcache.tag_array.wmask0: 01
# 146 lsu.dcache.tag_array.addr0: 110100
# 146 lsu.dcache.tag_array.din0: 800080800080
# 146 lsu.dcache.tag_array.dout0: 000000000000
# 
# 146 lsu.dcache.data_array.csb0 (aL): 0
# 146 lsu.dcache.data_array.web0 (aL): 0
# 146 lsu.dcache.data_array.wmask0: xxxxxxxxxxxxxxxx
# 146 lsu.dcache.data_array.addr0: 110100
# 146 lsu.dcache.data_array.din0: 00010188000101880001018800010188
# 146 lsu.dcache.data_array.dout0: 00000000000000000000000000000000
# 
# 146 lsu.dcache.tag_array_hit: 0
# 
# 146 lsu.dcache.mem_ctrl_req_valid: 0
# 146 lsu.dcache.mem_ctrl_req_type: READ
# 146 lsu.dcache.mem_ctrl_req_block_addr: 00002034
# 146 lsu.dcache.mem_ctrl_req_block_data: 0000000000000000
# 146 lsu.dcache.mem_ctrl_req_ready: 0
# 
# 146 lsu.dcache.mem_ctrl_resp_valid: 0
# 146 lsu.dcache.mem_ctrl_resp_block_data: 0000000000000000
# 
# 146 lsu.dcache.pipeline_resp_valid: 0
# 146 lsu.dcache.pipeline_resp_rd_data: 00000000
# 
#  
#  
#  
#  
# 156 lsu.dcache.pipeline_req_valid: 1
# 156 lsu.dcache.pipeline_req_type: WRITE
# 156 lsu.dcache.pipeline_req_width: WORD
# 156 lsu.dcache.pipeline_req_addr: 000101a4
# 156 lsu.dcache.pipeline_req_wr_data: 00010188
# 
# 156 lsu.dcache.pipeline_req_valid_latched: 1
# 156 lsu.dcache.pipeline_req_type_latched: WRITE
# 156 lsu.dcache.pipeline_req_width_latched: WORD
# 156 lsu.dcache.pipeline_req_addr_latched: 000101a4
# 
# 156 lsu.dcache.tag_array.csb0 (aL): 0
# 156 lsu.dcache.tag_array.web0 (aL): 1
# 156 lsu.dcache.tag_array.wmask0: 01
# 156 lsu.dcache.tag_array.addr0: 110100
# 156 lsu.dcache.tag_array.din0: 800080800080
# 156 lsu.dcache.tag_array.dout0: 000000000000
# 
# 156 lsu.dcache.data_array.csb0 (aL): 0
# 156 lsu.dcache.data_array.web0 (aL): 0
# 156 lsu.dcache.data_array.wmask0: xxxxxxxxxxxxxxxx
# 156 lsu.dcache.data_array.addr0: 110100
# 156 lsu.dcache.data_array.din0: 00010188000101880001018800010188
# 156 lsu.dcache.data_array.dout0: 00000000000000000000000000000000
# 
# 156 lsu.dcache.tag_array_hit: 0
# 
# 156 lsu.dcache.mem_ctrl_req_valid: 0
# 156 lsu.dcache.mem_ctrl_req_type: READ
# 156 lsu.dcache.mem_ctrl_req_block_addr: 00002034
# 156 lsu.dcache.mem_ctrl_req_block_data: 0000000000000000
# 156 lsu.dcache.mem_ctrl_req_ready: 0
# 
# 156 lsu.dcache.mem_ctrl_resp_valid: 0
# 156 lsu.dcache.mem_ctrl_resp_block_data: 0000000000000000
# 
# 156 lsu.dcache.pipeline_resp_valid: 0
# 156 lsu.dcache.pipeline_resp_rd_data: 00000000
# 
#  
#  
#  
#  
# 166 lsu.dcache.pipeline_req_valid: 1
# 166 lsu.dcache.pipeline_req_type: WRITE
# 166 lsu.dcache.pipeline_req_width: WORD
# 166 lsu.dcache.pipeline_req_addr: 000101a4
# 166 lsu.dcache.pipeline_req_wr_data: 00010188
# 
# 166 lsu.dcache.pipeline_req_valid_latched: 1
# 166 lsu.dcache.pipeline_req_type_latched: WRITE
# 166 lsu.dcache.pipeline_req_width_latched: WORD
# 166 lsu.dcache.pipeline_req_addr_latched: 000101a4
# 
# 166 lsu.dcache.tag_array.csb0 (aL): 0
# 166 lsu.dcache.tag_array.web0 (aL): 1
# 166 lsu.dcache.tag_array.wmask0: 01
# 166 lsu.dcache.tag_array.addr0: 110100
# 166 lsu.dcache.tag_array.din0: 800080800080
# 166 lsu.dcache.tag_array.dout0: 000000000000
# 
# 166 lsu.dcache.data_array.csb0 (aL): 0
# 166 lsu.dcache.data_array.web0 (aL): 0
# 166 lsu.dcache.data_array.wmask0: xxxxxxxxxxxxxxxx
# 166 lsu.dcache.data_array.addr0: 110100
# 166 lsu.dcache.data_array.din0: 00010188000101880001018800010188
# 166 lsu.dcache.data_array.dout0: 00000000000000000000000000000000
# 
# 166 lsu.dcache.tag_array_hit: 0
# 
# 166 lsu.dcache.mem_ctrl_req_valid: 0
# 166 lsu.dcache.mem_ctrl_req_type: READ
# 166 lsu.dcache.mem_ctrl_req_block_addr: 00002034
# 166 lsu.dcache.mem_ctrl_req_block_data: 0000000000000000
# 166 lsu.dcache.mem_ctrl_req_ready: 0
# 
# 166 lsu.dcache.mem_ctrl_resp_valid: 0
# 166 lsu.dcache.mem_ctrl_resp_block_data: 0000000000000000
# 
# 166 lsu.dcache.pipeline_resp_valid: 0
# 166 lsu.dcache.pipeline_resp_rd_data: 00000000
# 
#  
#  
#  
#  
# 176 lsu.dcache.pipeline_req_valid: 1
# 176 lsu.dcache.pipeline_req_type: WRITE
# 176 lsu.dcache.pipeline_req_width: WORD
# 176 lsu.dcache.pipeline_req_addr: 000101a4
# 176 lsu.dcache.pipeline_req_wr_data: 00010188
# 
# 176 lsu.dcache.pipeline_req_valid_latched: 1
# 176 lsu.dcache.pipeline_req_type_latched: WRITE
# 176 lsu.dcache.pipeline_req_width_latched: WORD
# 176 lsu.dcache.pipeline_req_addr_latched: 000101a4
# 
# 176 lsu.dcache.tag_array.csb0 (aL): 0
# 176 lsu.dcache.tag_array.web0 (aL): 1
# 176 lsu.dcache.tag_array.wmask0: 01
# 176 lsu.dcache.tag_array.addr0: 110100
# 176 lsu.dcache.tag_array.din0: 800080800080
# 176 lsu.dcache.tag_array.dout0: 000000000000
# 
# 176 lsu.dcache.data_array.csb0 (aL): 0
# 176 lsu.dcache.data_array.web0 (aL): 0
# 176 lsu.dcache.data_array.wmask0: xxxxxxxxxxxxxxxx
# 176 lsu.dcache.data_array.addr0: 110100
# 176 lsu.dcache.data_array.din0: 00010188000101880001018800010188
# 176 lsu.dcache.data_array.dout0: 00000000000000000000000000000000
# 
# 176 lsu.dcache.tag_array_hit: 0
# 
# 176 lsu.dcache.mem_ctrl_req_valid: 0
# 176 lsu.dcache.mem_ctrl_req_type: READ
# 176 lsu.dcache.mem_ctrl_req_block_addr: 00002034
# 176 lsu.dcache.mem_ctrl_req_block_data: 0000000000000000
# 176 lsu.dcache.mem_ctrl_req_ready: 0
# 
# 176 lsu.dcache.mem_ctrl_resp_valid: 0
# 176 lsu.dcache.mem_ctrl_resp_block_data: 0000000000000000
# 
# 176 lsu.dcache.pipeline_resp_valid: 0
# 176 lsu.dcache.pipeline_resp_rd_data: 00000000
# 
#  
#  
#  
#  
# 186 lsu.dcache.pipeline_req_valid: 1
# 186 lsu.dcache.pipeline_req_type: WRITE
# 186 lsu.dcache.pipeline_req_width: WORD
# 186 lsu.dcache.pipeline_req_addr: 000101a4
# 186 lsu.dcache.pipeline_req_wr_data: 00010188
# 
# 186 lsu.dcache.pipeline_req_valid_latched: 1
# 186 lsu.dcache.pipeline_req_type_latched: WRITE
# 186 lsu.dcache.pipeline_req_width_latched: WORD
# 186 lsu.dcache.pipeline_req_addr_latched: 000101a4
# 
# 186 lsu.dcache.tag_array.csb0 (aL): 0
# 186 lsu.dcache.tag_array.web0 (aL): 0
# 186 lsu.dcache.tag_array.wmask0: 01
# 186 lsu.dcache.tag_array.addr0: 110100
# 186 lsu.dcache.tag_array.din0: 800080800080
# 186 lsu.dcache.tag_array.dout0: 000000000000
# 
# 186 lsu.dcache.data_array.csb0 (aL): 0
# 186 lsu.dcache.data_array.web0 (aL): 0
# 186 lsu.dcache.data_array.wmask0: xxxxxxxxxxxxxxxx
# 186 lsu.dcache.data_array.addr0: 110100
# 186 lsu.dcache.data_array.din0: xxxxxxxxxxxxxxxxxxxxxxxxxxxxxxxx
# 186 lsu.dcache.data_array.dout0: 00000000000000000000000000000000
# 
# 186 lsu.dcache.tag_array_hit: 0
# 
# 186 lsu.dcache.mem_ctrl_req_valid: 0
# 186 lsu.dcache.mem_ctrl_req_type: READ
# 186 lsu.dcache.mem_ctrl_req_block_addr: 00002034
# 186 lsu.dcache.mem_ctrl_req_block_data: 0000000000000000
# 186 lsu.dcache.mem_ctrl_req_ready: 0
# 
# 186 lsu.dcache.mem_ctrl_resp_valid: 1
# 186 lsu.dcache.mem_ctrl_resp_block_data: xxxxxxxxxxxxxxxx
# 
# 186 lsu.dcache.pipeline_resp_valid: 0
# 186 lsu.dcache.pipeline_resp_rd_data: 00000000
# 
#  
#  
#  
#  
# 196 lsu.dcache.pipeline_req_valid: 1
# 196 lsu.dcache.pipeline_req_type: WRITE
# 196 lsu.dcache.pipeline_req_width: WORD
# 196 lsu.dcache.pipeline_req_addr: 000101a4
# 196 lsu.dcache.pipeline_req_wr_data: 00010188
# 
# 196 lsu.dcache.pipeline_req_valid_latched: 1
# 196 lsu.dcache.pipeline_req_type_latched: WRITE
# 196 lsu.dcache.pipeline_req_width_latched: WORD
# 196 lsu.dcache.pipeline_req_addr_latched: 000101a4
# 
# 196 lsu.dcache.tag_array.csb0 (aL): 0
# 196 lsu.dcache.tag_array.web0 (aL): 1
# 196 lsu.dcache.tag_array.wmask0: 01
# 196 lsu.dcache.tag_array.addr0: 110100
# 196 lsu.dcache.tag_array.din0: 800080800080
# 196 lsu.dcache.tag_array.dout0: 000000000000
# 
# 196 lsu.dcache.data_array.csb0 (aL): 0
# 196 lsu.dcache.data_array.web0 (aL): 0
# 196 lsu.dcache.data_array.wmask0: xxxxxxxxxxxxxxxx
# 196 lsu.dcache.data_array.addr0: 110100
# 196 lsu.dcache.data_array.din0: 00010188000101880001018800010188
# 196 lsu.dcache.data_array.dout0: 00000000000000000000000000000000
# 
# 196 lsu.dcache.tag_array_hit: 0
# 
# 196 lsu.dcache.mem_ctrl_req_valid: 0
# 196 lsu.dcache.mem_ctrl_req_type: READ
# 196 lsu.dcache.mem_ctrl_req_block_addr: 00002034
# 196 lsu.dcache.mem_ctrl_req_block_data: 0000000000000000
# 196 lsu.dcache.mem_ctrl_req_ready: 0
# 
# 196 lsu.dcache.mem_ctrl_resp_valid: 0
# 196 lsu.dcache.mem_ctrl_resp_block_data: 0000000000000000
# 
# 196 lsu.dcache.pipeline_resp_valid: 0
# 196 lsu.dcache.pipeline_resp_rd_data: 00000000
# 
#  
#  
#  
#  
# 206 lsu.dcache.pipeline_req_valid: 1
# 206 lsu.dcache.pipeline_req_type: WRITE
# 206 lsu.dcache.pipeline_req_width: WORD
# 206 lsu.dcache.pipeline_req_addr: 000101a4
# 206 lsu.dcache.pipeline_req_wr_data: 00010188
# 
# 206 lsu.dcache.pipeline_req_valid_latched: 1
# 206 lsu.dcache.pipeline_req_type_latched: WRITE
# 206 lsu.dcache.pipeline_req_width_latched: WORD
# 206 lsu.dcache.pipeline_req_addr_latched: 000101a4
# 
# 206 lsu.dcache.tag_array.csb0 (aL): 0
# 206 lsu.dcache.tag_array.web0 (aL): 1
# 206 lsu.dcache.tag_array.wmask0: 10
# 206 lsu.dcache.tag_array.addr0: 110100
# 206 lsu.dcache.tag_array.din0: 800080800080
# 206 lsu.dcache.tag_array.dout0: 000000800080
# 
# 206 lsu.dcache.data_array.csb0 (aL): 0
# 206 lsu.dcache.data_array.web0 (aL): 0
# 206 lsu.dcache.data_array.wmask0: xxxxxxxx1111xxxx
# 206 lsu.dcache.data_array.addr0: 110100
# 206 lsu.dcache.data_array.din0: 00010188000101880001018800010188
# 206 lsu.dcache.data_array.dout0: 00000000000000000000000000000000
# 
# 206 lsu.dcache.tag_array_hit: 1
# 
# 206 lsu.dcache.mem_ctrl_req_valid: 0
# 206 lsu.dcache.mem_ctrl_req_type: WRITE
# 206 lsu.dcache.mem_ctrl_req_block_addr: 00002034
# 206 lsu.dcache.mem_ctrl_req_block_data: 0000000000000000
# 206 lsu.dcache.mem_ctrl_req_ready: 0
# 
# 206 lsu.dcache.mem_ctrl_resp_valid: 0
# 206 lsu.dcache.mem_ctrl_resp_block_data: 0000000000000000
# 
# 206 lsu.dcache.pipeline_resp_valid: 1
# 206 lsu.dcache.pipeline_resp_rd_data: 00000000
# 
#  
#  
#  
#  
# 216 lsu.dcache.pipeline_req_valid: 0
# 216 lsu.dcache.pipeline_req_type: READ
# 216 lsu.dcache.pipeline_req_width: BYTE
# 216 lsu.dcache.pipeline_req_addr: 00000000
# 216 lsu.dcache.pipeline_req_wr_data: 00000000
# 
# 216 lsu.dcache.pipeline_req_valid_latched: 1
# 216 lsu.dcache.pipeline_req_type_latched: WRITE
# 216 lsu.dcache.pipeline_req_width_latched: WORD
# 216 lsu.dcache.pipeline_req_addr_latched: 000101a4
# 
# 216 lsu.dcache.tag_array.csb0 (aL): 1
# 216 lsu.dcache.tag_array.web0 (aL): 1
# 216 lsu.dcache.tag_array.wmask0: 10
# 216 lsu.dcache.tag_array.addr0: 000000
# 216 lsu.dcache.tag_array.din0: 800000800000
# 216 lsu.dcache.tag_array.dout0: 000000800080
# 
# 216 lsu.dcache.data_array.csb0 (aL): 1
# 216 lsu.dcache.data_array.web0 (aL): 1
# 216 lsu.dcache.data_array.wmask0: xxxxxxxxxxxxxxx1
# 216 lsu.dcache.data_array.addr0: 000000
# 216 lsu.dcache.data_array.din0: 00000000000000000000000000000000
# 216 lsu.dcache.data_array.dout0: 00000000000000000000000000000000
# 
# 216 lsu.dcache.tag_array_hit: 1
# 
# 216 lsu.dcache.mem_ctrl_req_valid: 1
# 216 lsu.dcache.mem_ctrl_req_type: WRITE
# 216 lsu.dcache.mem_ctrl_req_block_addr: 00002034
# 216 lsu.dcache.mem_ctrl_req_block_data: 0000000000000000
# 216 lsu.dcache.mem_ctrl_req_ready: 1
# 
# 216 lsu.dcache.mem_ctrl_resp_valid: 0
# 216 lsu.dcache.mem_ctrl_resp_block_data: 0000000000000000
# 
# 216 lsu.dcache.pipeline_resp_valid: 0
# 216 lsu.dcache.pipeline_resp_rd_data: 00000000
# 
#  
#  
#  
#  
# 226 lsu.dcache.pipeline_req_valid: 0
# 226 lsu.dcache.pipeline_req_type: READ
# 226 lsu.dcache.pipeline_req_width: BYTE
# 226 lsu.dcache.pipeline_req_addr: 00000000
# 226 lsu.dcache.pipeline_req_wr_data: 00000000
# 
# 226 lsu.dcache.pipeline_req_valid_latched: 0
# 226 lsu.dcache.pipeline_req_type_latched: READ
# 226 lsu.dcache.pipeline_req_width_latched: BYTE
# 226 lsu.dcache.pipeline_req_addr_latched: 00000000
# 
# 226 lsu.dcache.tag_array.csb0 (aL): 1
# 226 lsu.dcache.tag_array.web0 (aL): 1
# 226 lsu.dcache.tag_array.wmask0: 10
# 226 lsu.dcache.tag_array.addr0: 000000
# 226 lsu.dcache.tag_array.din0: 800000800000
# 226 lsu.dcache.tag_array.dout0: 000000800080
# 
# 226 lsu.dcache.data_array.csb0 (aL): 1
# 226 lsu.dcache.data_array.web0 (aL): 1
# 226 lsu.dcache.data_array.wmask0: xxxxxxxxxxxxxxxx
# 226 lsu.dcache.data_array.addr0: 000000
# 226 lsu.dcache.data_array.din0: 00000000000000000000000000000000
# 226 lsu.dcache.data_array.dout0: 00000000000000000000000000000000
# 
# 226 lsu.dcache.tag_array_hit: 0
# 
# 226 lsu.dcache.mem_ctrl_req_valid: 0
# 226 lsu.dcache.mem_ctrl_req_type: READ
# 226 lsu.dcache.mem_ctrl_req_block_addr: 00000000
# 226 lsu.dcache.mem_ctrl_req_block_data: 0000000000000000
# 226 lsu.dcache.mem_ctrl_req_ready: 0
# 
# 226 lsu.dcache.mem_ctrl_resp_valid: 0
# 226 lsu.dcache.mem_ctrl_resp_block_data: 0000000000000000
# 
# 226 lsu.dcache.pipeline_resp_valid: 0
# 226 lsu.dcache.pipeline_resp_rd_data: 00000000
# 
#  
#  
#  
#  
# 236 lsu.dcache.pipeline_req_valid: 0
# 236 lsu.dcache.pipeline_req_type: READ
# 236 lsu.dcache.pipeline_req_width: BYTE
# 236 lsu.dcache.pipeline_req_addr: 00000000
# 236 lsu.dcache.pipeline_req_wr_data: 00000000
# 
# 236 lsu.dcache.pipeline_req_valid_latched: 0
# 236 lsu.dcache.pipeline_req_type_latched: READ
# 236 lsu.dcache.pipeline_req_width_latched: BYTE
# 236 lsu.dcache.pipeline_req_addr_latched: 00000000
# 
# 236 lsu.dcache.tag_array.csb0 (aL): 1
# 236 lsu.dcache.tag_array.web0 (aL): 1
# 236 lsu.dcache.tag_array.wmask0: 10
# 236 lsu.dcache.tag_array.addr0: 000000
# 236 lsu.dcache.tag_array.din0: 800000800000
# 236 lsu.dcache.tag_array.dout0: 000000800080
# 
# 236 lsu.dcache.data_array.csb0 (aL): 1
# 236 lsu.dcache.data_array.web0 (aL): 1
# 236 lsu.dcache.data_array.wmask0: xxxxxxxxxxxxxxxx
# 236 lsu.dcache.data_array.addr0: 000000
# 236 lsu.dcache.data_array.din0: 00000000000000000000000000000000
# 236 lsu.dcache.data_array.dout0: 00000000000000000000000000000000
# 
# 236 lsu.dcache.tag_array_hit: 0
# 
# 236 lsu.dcache.mem_ctrl_req_valid: 0
# 236 lsu.dcache.mem_ctrl_req_type: READ
# 236 lsu.dcache.mem_ctrl_req_block_addr: 00000000
# 236 lsu.dcache.mem_ctrl_req_block_data: 0000000000000000
# 236 lsu.dcache.mem_ctrl_req_ready: 0
# 
# 236 lsu.dcache.mem_ctrl_resp_valid: 0
# 236 lsu.dcache.mem_ctrl_resp_block_data: 0000000000000000
# 
# 236 lsu.dcache.pipeline_resp_valid: 0
# 236 lsu.dcache.pipeline_resp_rd_data: 00000000
# 
#  
#  
#  
#  
# 246 lsu.dcache.pipeline_req_valid: 0
# 246 lsu.dcache.pipeline_req_type: READ
# 246 lsu.dcache.pipeline_req_width: BYTE
# 246 lsu.dcache.pipeline_req_addr: 00000000
# 246 lsu.dcache.pipeline_req_wr_data: 00000000
# 
# 246 lsu.dcache.pipeline_req_valid_latched: 0
# 246 lsu.dcache.pipeline_req_type_latched: READ
# 246 lsu.dcache.pipeline_req_width_latched: BYTE
# 246 lsu.dcache.pipeline_req_addr_latched: 00000000
# 
# 246 lsu.dcache.tag_array.csb0 (aL): 1
# 246 lsu.dcache.tag_array.web0 (aL): 1
# 246 lsu.dcache.tag_array.wmask0: 10
# 246 lsu.dcache.tag_array.addr0: 000000
# 246 lsu.dcache.tag_array.din0: 800000800000
# 246 lsu.dcache.tag_array.dout0: 000000800080
# 
# 246 lsu.dcache.data_array.csb0 (aL): 1
# 246 lsu.dcache.data_array.web0 (aL): 1
# 246 lsu.dcache.data_array.wmask0: xxxxxxxxxxxxxxxx
# 246 lsu.dcache.data_array.addr0: 000000
# 246 lsu.dcache.data_array.din0: 00000000000000000000000000000000
# 246 lsu.dcache.data_array.dout0: 00000000000000000000000000000000
# 
# 246 lsu.dcache.tag_array_hit: 0
# 
# 246 lsu.dcache.mem_ctrl_req_valid: 0
# 246 lsu.dcache.mem_ctrl_req_type: READ
# 246 lsu.dcache.mem_ctrl_req_block_addr: 00000000
# 246 lsu.dcache.mem_ctrl_req_block_data: 0000000000000000
# 246 lsu.dcache.mem_ctrl_req_ready: 0
# 
# 246 lsu.dcache.mem_ctrl_resp_valid: 0
# 246 lsu.dcache.mem_ctrl_resp_block_data: 0000000000000000
# 
# 246 lsu.dcache.pipeline_resp_valid: 0
# 246 lsu.dcache.pipeline_resp_rd_data: 00000000
# 
#  
#  
#  
#  
# 256 lsu.dcache.pipeline_req_valid: 0
# 256 lsu.dcache.pipeline_req_type: READ
# 256 lsu.dcache.pipeline_req_width: BYTE
# 256 lsu.dcache.pipeline_req_addr: 00000000
# 256 lsu.dcache.pipeline_req_wr_data: 00000000
# 
# 256 lsu.dcache.pipeline_req_valid_latched: 0
# 256 lsu.dcache.pipeline_req_type_latched: READ
# 256 lsu.dcache.pipeline_req_width_latched: BYTE
# 256 lsu.dcache.pipeline_req_addr_latched: 00000000
# 
# 256 lsu.dcache.tag_array.csb0 (aL): 1
# 256 lsu.dcache.tag_array.web0 (aL): 1
# 256 lsu.dcache.tag_array.wmask0: 10
# 256 lsu.dcache.tag_array.addr0: 000000
# 256 lsu.dcache.tag_array.din0: 800000800000
# 256 lsu.dcache.tag_array.dout0: 000000800080
# 
# 256 lsu.dcache.data_array.csb0 (aL): 1
# 256 lsu.dcache.data_array.web0 (aL): 1
# 256 lsu.dcache.data_array.wmask0: xxxxxxxxxxxxxxxx
# 256 lsu.dcache.data_array.addr0: 000000
# 256 lsu.dcache.data_array.din0: 00000000000000000000000000000000
# 256 lsu.dcache.data_array.dout0: 00000000000000000000000000000000
# 
# 256 lsu.dcache.tag_array_hit: 0
# 
# 256 lsu.dcache.mem_ctrl_req_valid: 0
# 256 lsu.dcache.mem_ctrl_req_type: READ
# 256 lsu.dcache.mem_ctrl_req_block_addr: 00000000
# 256 lsu.dcache.mem_ctrl_req_block_data: 0000000000000000
# 256 lsu.dcache.mem_ctrl_req_ready: 0
# 
# 256 lsu.dcache.mem_ctrl_resp_valid: 0
# 256 lsu.dcache.mem_ctrl_resp_block_data: 0000000000000000
# 
# 256 lsu.dcache.pipeline_resp_valid: 0
# 256 lsu.dcache.pipeline_resp_rd_data: 00000000
# 
#  
#  
#  
#  
# 266 lsu.dcache.pipeline_req_valid: 0
# 266 lsu.dcache.pipeline_req_type: READ
# 266 lsu.dcache.pipeline_req_width: BYTE
# 266 lsu.dcache.pipeline_req_addr: 00000000
# 266 lsu.dcache.pipeline_req_wr_data: 00000000
# 
# 266 lsu.dcache.pipeline_req_valid_latched: 0
# 266 lsu.dcache.pipeline_req_type_latched: READ
# 266 lsu.dcache.pipeline_req_width_latched: BYTE
# 266 lsu.dcache.pipeline_req_addr_latched: 00000000
# 
# 266 lsu.dcache.tag_array.csb0 (aL): 1
# 266 lsu.dcache.tag_array.web0 (aL): 1
# 266 lsu.dcache.tag_array.wmask0: 10
# 266 lsu.dcache.tag_array.addr0: 000000
# 266 lsu.dcache.tag_array.din0: 800000800000
# 266 lsu.dcache.tag_array.dout0: 000000800080
# 
# 266 lsu.dcache.data_array.csb0 (aL): 1
# 266 lsu.dcache.data_array.web0 (aL): 1
# 266 lsu.dcache.data_array.wmask0: xxxxxxxxxxxxxxxx
# 266 lsu.dcache.data_array.addr0: 000000
# 266 lsu.dcache.data_array.din0: 00000000000000000000000000000000
# 266 lsu.dcache.data_array.dout0: 00000000000000000000000000000000
# 
# 266 lsu.dcache.tag_array_hit: 0
# 
# 266 lsu.dcache.mem_ctrl_req_valid: 0
# 266 lsu.dcache.mem_ctrl_req_type: READ
# 266 lsu.dcache.mem_ctrl_req_block_addr: 00000000
# 266 lsu.dcache.mem_ctrl_req_block_data: 0000000000000000
# 266 lsu.dcache.mem_ctrl_req_ready: 0
# 
# 266 lsu.dcache.mem_ctrl_resp_valid: 0
# 266 lsu.dcache.mem_ctrl_resp_block_data: 0000000000000000
# 
# 266 lsu.dcache.pipeline_resp_valid: 0
# 266 lsu.dcache.pipeline_resp_rd_data: 00000000
# 
#  
#  
#  
#  
# 276 lsu.dcache.pipeline_req_valid: 0
# 276 lsu.dcache.pipeline_req_type: READ
# 276 lsu.dcache.pipeline_req_width: BYTE
# 276 lsu.dcache.pipeline_req_addr: 00000000
# 276 lsu.dcache.pipeline_req_wr_data: 00000000
# 
# 276 lsu.dcache.pipeline_req_valid_latched: 0
# 276 lsu.dcache.pipeline_req_type_latched: READ
# 276 lsu.dcache.pipeline_req_width_latched: BYTE
# 276 lsu.dcache.pipeline_req_addr_latched: 00000000
# 
# 276 lsu.dcache.tag_array.csb0 (aL): 0
# 276 lsu.dcache.tag_array.web0 (aL): 0
# 276 lsu.dcache.tag_array.wmask0: 10
# 276 lsu.dcache.tag_array.addr0: 000000
# 276 lsu.dcache.tag_array.din0: 800000800000
# 276 lsu.dcache.tag_array.dout0: 000000800080
# 
# 276 lsu.dcache.data_array.csb0 (aL): 0
# 276 lsu.dcache.data_array.web0 (aL): 0
# 276 lsu.dcache.data_array.wmask0: xxxxxxxxxxxxxxxx
# 276 lsu.dcache.data_array.addr0: 000000
# 276 lsu.dcache.data_array.din0: xxxxxxxxxxxxxxxxxxxxxxxxxxxxxxxx
# 276 lsu.dcache.data_array.dout0: 00000000000000000000000000000000
# 
# 276 lsu.dcache.tag_array_hit: 0
# 
# 276 lsu.dcache.mem_ctrl_req_valid: 0
# 276 lsu.dcache.mem_ctrl_req_type: READ
# 276 lsu.dcache.mem_ctrl_req_block_addr: 00000000
# 276 lsu.dcache.mem_ctrl_req_block_data: 0000000000000000
# 276 lsu.dcache.mem_ctrl_req_ready: 0
# 
# 276 lsu.dcache.mem_ctrl_resp_valid: 1
# 276 lsu.dcache.mem_ctrl_resp_block_data: xxxxxxxxxxxxxxxx
# 
# 276 lsu.dcache.pipeline_resp_valid: 0
# 276 lsu.dcache.pipeline_resp_rd_data: 00000000
# 
#  
#  
#  
#  
# 286 lsu.dcache.pipeline_req_valid: 0
# 286 lsu.dcache.pipeline_req_type: READ
# 286 lsu.dcache.pipeline_req_width: BYTE
# 286 lsu.dcache.pipeline_req_addr: 00000000
# 286 lsu.dcache.pipeline_req_wr_data: 00000000
# 
# 286 lsu.dcache.pipeline_req_valid_latched: 0
# 286 lsu.dcache.pipeline_req_type_latched: READ
# 286 lsu.dcache.pipeline_req_width_latched: BYTE
# 286 lsu.dcache.pipeline_req_addr_latched: 00000000
# 
# 286 lsu.dcache.tag_array.csb0 (aL): 1
# 286 lsu.dcache.tag_array.web0 (aL): 1
# 286 lsu.dcache.tag_array.wmask0: 10
# 286 lsu.dcache.tag_array.addr0: 000000
# 286 lsu.dcache.tag_array.din0: 800000800000
# 286 lsu.dcache.tag_array.dout0: 000000800080
# 
# 286 lsu.dcache.data_array.csb0 (aL): 1
# 286 lsu.dcache.data_array.web0 (aL): 1
# 286 lsu.dcache.data_array.wmask0: xxxxxxxxxxxxxxxx
# 286 lsu.dcache.data_array.addr0: 000000
# 286 lsu.dcache.data_array.din0: 00000000000000000000000000000000
# 286 lsu.dcache.data_array.dout0: 00000000000000000000000000000000
# 
# 286 lsu.dcache.tag_array_hit: 0
# 
# 286 lsu.dcache.mem_ctrl_req_valid: 0
# 286 lsu.dcache.mem_ctrl_req_type: READ
# 286 lsu.dcache.mem_ctrl_req_block_addr: 00000000
# 286 lsu.dcache.mem_ctrl_req_block_data: 0000000000000000
# 286 lsu.dcache.mem_ctrl_req_ready: 0
# 
# 286 lsu.dcache.mem_ctrl_resp_valid: 0
# 286 lsu.dcache.mem_ctrl_resp_block_data: 0000000000000000
# 
# 286 lsu.dcache.pipeline_resp_valid: 0
# 286 lsu.dcache.pipeline_resp_rd_data: 00000000
# 
#  
#  
#  
#  
# 296 lsu.dcache.pipeline_req_valid: 0
# 296 lsu.dcache.pipeline_req_type: READ
# 296 lsu.dcache.pipeline_req_width: BYTE
# 296 lsu.dcache.pipeline_req_addr: 00000000
# 296 lsu.dcache.pipeline_req_wr_data: 00000000
# 
# 296 lsu.dcache.pipeline_req_valid_latched: 0
# 296 lsu.dcache.pipeline_req_type_latched: READ
# 296 lsu.dcache.pipeline_req_width_latched: BYTE
# 296 lsu.dcache.pipeline_req_addr_latched: 00000000
# 
# 296 lsu.dcache.tag_array.csb0 (aL): 1
# 296 lsu.dcache.tag_array.web0 (aL): 1
# 296 lsu.dcache.tag_array.wmask0: 10
# 296 lsu.dcache.tag_array.addr0: 000000
# 296 lsu.dcache.tag_array.din0: 800000800000
# 296 lsu.dcache.tag_array.dout0: 000000800080
# 
# 296 lsu.dcache.data_array.csb0 (aL): 1
# 296 lsu.dcache.data_array.web0 (aL): 1
# 296 lsu.dcache.data_array.wmask0: xxxxxxxxxxxxxxxx
# 296 lsu.dcache.data_array.addr0: 000000
# 296 lsu.dcache.data_array.din0: 00000000000000000000000000000000
# 296 lsu.dcache.data_array.dout0: 00000000000000000000000000000000
# 
# 296 lsu.dcache.tag_array_hit: 0
# 
# 296 lsu.dcache.mem_ctrl_req_valid: 0
# 296 lsu.dcache.mem_ctrl_req_type: READ
# 296 lsu.dcache.mem_ctrl_req_block_addr: 00000000
# 296 lsu.dcache.mem_ctrl_req_block_data: 0000000000000000
# 296 lsu.dcache.mem_ctrl_req_ready: 0
# 
# 296 lsu.dcache.mem_ctrl_resp_valid: 0
# 296 lsu.dcache.mem_ctrl_resp_block_data: 0000000000000000
# 
# 296 lsu.dcache.pipeline_resp_valid: 0
# 296 lsu.dcache.pipeline_resp_rd_data: 00000000
# 
#  
#  
#  
#  
# 306 lsu.dcache.pipeline_req_valid: 0
# 306 lsu.dcache.pipeline_req_type: READ
# 306 lsu.dcache.pipeline_req_width: BYTE
# 306 lsu.dcache.pipeline_req_addr: 00000000
# 306 lsu.dcache.pipeline_req_wr_data: 00000000
# 
# 306 lsu.dcache.pipeline_req_valid_latched: 0
# 306 lsu.dcache.pipeline_req_type_latched: READ
# 306 lsu.dcache.pipeline_req_width_latched: BYTE
# 306 lsu.dcache.pipeline_req_addr_latched: 00000000
# 
# 306 lsu.dcache.tag_array.csb0 (aL): 1
# 306 lsu.dcache.tag_array.web0 (aL): 1
# 306 lsu.dcache.tag_array.wmask0: 10
# 306 lsu.dcache.tag_array.addr0: 000000
# 306 lsu.dcache.tag_array.din0: 800000800000
# 306 lsu.dcache.tag_array.dout0: 000000800080
# 
# 306 lsu.dcache.data_array.csb0 (aL): 1
# 306 lsu.dcache.data_array.web0 (aL): 1
# 306 lsu.dcache.data_array.wmask0: xxxxxxxxxxxxxxxx
# 306 lsu.dcache.data_array.addr0: 000000
# 306 lsu.dcache.data_array.din0: 00000000000000000000000000000000
# 306 lsu.dcache.data_array.dout0: 00000000000000000000000000000000
# 
# 306 lsu.dcache.tag_array_hit: 0
# 
# 306 lsu.dcache.mem_ctrl_req_valid: 0
# 306 lsu.dcache.mem_ctrl_req_type: READ
# 306 lsu.dcache.mem_ctrl_req_block_addr: 00000000
# 306 lsu.dcache.mem_ctrl_req_block_data: 0000000000000000
# 306 lsu.dcache.mem_ctrl_req_ready: 0
# 
# 306 lsu.dcache.mem_ctrl_resp_valid: 0
# 306 lsu.dcache.mem_ctrl_resp_block_data: 0000000000000000
# 
# 306 lsu.dcache.pipeline_resp_valid: 0
# 306 lsu.dcache.pipeline_resp_rd_data: 00000000
# 
#  
#  
#  
#  
# 316 lsu.dcache.pipeline_req_valid: 0
# 316 lsu.dcache.pipeline_req_type: READ
# 316 lsu.dcache.pipeline_req_width: BYTE
# 316 lsu.dcache.pipeline_req_addr: 00000000
# 316 lsu.dcache.pipeline_req_wr_data: 00000000
# 
# 316 lsu.dcache.pipeline_req_valid_latched: 0
# 316 lsu.dcache.pipeline_req_type_latched: READ
# 316 lsu.dcache.pipeline_req_width_latched: BYTE
# 316 lsu.dcache.pipeline_req_addr_latched: 00000000
# 
# 316 lsu.dcache.tag_array.csb0 (aL): 1
# 316 lsu.dcache.tag_array.web0 (aL): 1
# 316 lsu.dcache.tag_array.wmask0: 10
# 316 lsu.dcache.tag_array.addr0: 000000
# 316 lsu.dcache.tag_array.din0: 800000800000
# 316 lsu.dcache.tag_array.dout0: 000000800080
# 
# 316 lsu.dcache.data_array.csb0 (aL): 1
# 316 lsu.dcache.data_array.web0 (aL): 1
# 316 lsu.dcache.data_array.wmask0: xxxxxxxxxxxxxxxx
# 316 lsu.dcache.data_array.addr0: 000000
# 316 lsu.dcache.data_array.din0: 00000000000000000000000000000000
# 316 lsu.dcache.data_array.dout0: 00000000000000000000000000000000
# 
# 316 lsu.dcache.tag_array_hit: 0
# 
# 316 lsu.dcache.mem_ctrl_req_valid: 0
# 316 lsu.dcache.mem_ctrl_req_type: READ
# 316 lsu.dcache.mem_ctrl_req_block_addr: 00000000
# 316 lsu.dcache.mem_ctrl_req_block_data: 0000000000000000
# 316 lsu.dcache.mem_ctrl_req_ready: 0
# 
# 316 lsu.dcache.mem_ctrl_resp_valid: 0
# 316 lsu.dcache.mem_ctrl_resp_block_data: 0000000000000000
# 
# 316 lsu.dcache.pipeline_resp_valid: 0
# 316 lsu.dcache.pipeline_resp_rd_data: 00000000
# 
#  
#  
#  
#  
# 326 lsu.dcache.pipeline_req_valid: 0
# 326 lsu.dcache.pipeline_req_type: READ
# 326 lsu.dcache.pipeline_req_width: BYTE
# 326 lsu.dcache.pipeline_req_addr: 00000000
# 326 lsu.dcache.pipeline_req_wr_data: 00000000
# 
# 326 lsu.dcache.pipeline_req_valid_latched: 0
# 326 lsu.dcache.pipeline_req_type_latched: READ
# 326 lsu.dcache.pipeline_req_width_latched: BYTE
# 326 lsu.dcache.pipeline_req_addr_latched: 00000000
# 
# 326 lsu.dcache.tag_array.csb0 (aL): 1
# 326 lsu.dcache.tag_array.web0 (aL): 1
# 326 lsu.dcache.tag_array.wmask0: 10
# 326 lsu.dcache.tag_array.addr0: 000000
# 326 lsu.dcache.tag_array.din0: 800000800000
# 326 lsu.dcache.tag_array.dout0: 000000800080
# 
# 326 lsu.dcache.data_array.csb0 (aL): 1
# 326 lsu.dcache.data_array.web0 (aL): 1
# 326 lsu.dcache.data_array.wmask0: xxxxxxxxxxxxxxxx
# 326 lsu.dcache.data_array.addr0: 000000
# 326 lsu.dcache.data_array.din0: 00000000000000000000000000000000
# 326 lsu.dcache.data_array.dout0: 00000000000000000000000000000000
# 
# 326 lsu.dcache.tag_array_hit: 0
# 
# 326 lsu.dcache.mem_ctrl_req_valid: 0
# 326 lsu.dcache.mem_ctrl_req_type: READ
# 326 lsu.dcache.mem_ctrl_req_block_addr: 00000000
# 326 lsu.dcache.mem_ctrl_req_block_data: 0000000000000000
# 326 lsu.dcache.mem_ctrl_req_ready: 0
# 
# 326 lsu.dcache.mem_ctrl_resp_valid: 0
# 326 lsu.dcache.mem_ctrl_resp_block_data: 0000000000000000
# 
# 326 lsu.dcache.pipeline_resp_valid: 0
# 326 lsu.dcache.pipeline_resp_rd_data: 00000000
# 
#  
#  
#  
#  
# 336 lsu.dcache.pipeline_req_valid: 0
# 336 lsu.dcache.pipeline_req_type: READ
# 336 lsu.dcache.pipeline_req_width: BYTE
# 336 lsu.dcache.pipeline_req_addr: 00000000
# 336 lsu.dcache.pipeline_req_wr_data: 00000000
# 
# 336 lsu.dcache.pipeline_req_valid_latched: 0
# 336 lsu.dcache.pipeline_req_type_latched: READ
# 336 lsu.dcache.pipeline_req_width_latched: BYTE
# 336 lsu.dcache.pipeline_req_addr_latched: 00000000
# 
# 336 lsu.dcache.tag_array.csb0 (aL): 1
# 336 lsu.dcache.tag_array.web0 (aL): 1
# 336 lsu.dcache.tag_array.wmask0: 10
# 336 lsu.dcache.tag_array.addr0: 000000
# 336 lsu.dcache.tag_array.din0: 800000800000
# 336 lsu.dcache.tag_array.dout0: 000000800080
# 
# 336 lsu.dcache.data_array.csb0 (aL): 1
# 336 lsu.dcache.data_array.web0 (aL): 1
# 336 lsu.dcache.data_array.wmask0: xxxxxxxxxxxxxxxx
# 336 lsu.dcache.data_array.addr0: 000000
# 336 lsu.dcache.data_array.din0: 00000000000000000000000000000000
# 336 lsu.dcache.data_array.dout0: 00000000000000000000000000000000
# 
# 336 lsu.dcache.tag_array_hit: 0
# 
# 336 lsu.dcache.mem_ctrl_req_valid: 0
# 336 lsu.dcache.mem_ctrl_req_type: READ
# 336 lsu.dcache.mem_ctrl_req_block_addr: 00000000
# 336 lsu.dcache.mem_ctrl_req_block_data: 0000000000000000
# 336 lsu.dcache.mem_ctrl_req_ready: 0
# 
# 336 lsu.dcache.mem_ctrl_resp_valid: 0
# 336 lsu.dcache.mem_ctrl_resp_block_data: 0000000000000000
# 
# 336 lsu.dcache.pipeline_resp_valid: 0
# 336 lsu.dcache.pipeline_resp_rd_data: 00000000
# 
#  
#  
#  
#  
# 346 lsu.dcache.pipeline_req_valid: 0
# 346 lsu.dcache.pipeline_req_type: READ
# 346 lsu.dcache.pipeline_req_width: BYTE
# 346 lsu.dcache.pipeline_req_addr: 00000000
# 346 lsu.dcache.pipeline_req_wr_data: 00000000
# 
# 346 lsu.dcache.pipeline_req_valid_latched: 0
# 346 lsu.dcache.pipeline_req_type_latched: READ
# 346 lsu.dcache.pipeline_req_width_latched: BYTE
# 346 lsu.dcache.pipeline_req_addr_latched: 00000000
# 
# 346 lsu.dcache.tag_array.csb0 (aL): 1
# 346 lsu.dcache.tag_array.web0 (aL): 1
# 346 lsu.dcache.tag_array.wmask0: 10
# 346 lsu.dcache.tag_array.addr0: 000000
# 346 lsu.dcache.tag_array.din0: 800000800000
# 346 lsu.dcache.tag_array.dout0: 000000800080
# 
# 346 lsu.dcache.data_array.csb0 (aL): 1
# 346 lsu.dcache.data_array.web0 (aL): 1
# 346 lsu.dcache.data_array.wmask0: xxxxxxxxxxxxxxxx
# 346 lsu.dcache.data_array.addr0: 000000
# 346 lsu.dcache.data_array.din0: 00000000000000000000000000000000
# 346 lsu.dcache.data_array.dout0: 00000000000000000000000000000000
# 
# 346 lsu.dcache.tag_array_hit: 0
# 
# 346 lsu.dcache.mem_ctrl_req_valid: 0
# 346 lsu.dcache.mem_ctrl_req_type: READ
# 346 lsu.dcache.mem_ctrl_req_block_addr: 00000000
# 346 lsu.dcache.mem_ctrl_req_block_data: 0000000000000000
# 346 lsu.dcache.mem_ctrl_req_ready: 0
# 
# 346 lsu.dcache.mem_ctrl_resp_valid: 0
# 346 lsu.dcache.mem_ctrl_resp_block_data: 0000000000000000
# 
# 346 lsu.dcache.pipeline_resp_valid: 0
# 346 lsu.dcache.pipeline_resp_rd_data: 00000000
# 
#  
#  
#  
#  
# 356 lsu.dcache.pipeline_req_valid: 0
# 356 lsu.dcache.pipeline_req_type: READ
# 356 lsu.dcache.pipeline_req_width: BYTE
# 356 lsu.dcache.pipeline_req_addr: 00000000
# 356 lsu.dcache.pipeline_req_wr_data: 00000000
# 
# 356 lsu.dcache.pipeline_req_valid_latched: 0
# 356 lsu.dcache.pipeline_req_type_latched: READ
# 356 lsu.dcache.pipeline_req_width_latched: BYTE
# 356 lsu.dcache.pipeline_req_addr_latched: 00000000
# 
# 356 lsu.dcache.tag_array.csb0 (aL): 1
# 356 lsu.dcache.tag_array.web0 (aL): 1
# 356 lsu.dcache.tag_array.wmask0: 10
# 356 lsu.dcache.tag_array.addr0: 000000
# 356 lsu.dcache.tag_array.din0: 800000800000
# 356 lsu.dcache.tag_array.dout0: 000000800080
# 
# 356 lsu.dcache.data_array.csb0 (aL): 1
# 356 lsu.dcache.data_array.web0 (aL): 1
# 356 lsu.dcache.data_array.wmask0: xxxxxxxxxxxxxxxx
# 356 lsu.dcache.data_array.addr0: 000000
# 356 lsu.dcache.data_array.din0: 00000000000000000000000000000000
# 356 lsu.dcache.data_array.dout0: 00000000000000000000000000000000
# 
# 356 lsu.dcache.tag_array_hit: 0
# 
# 356 lsu.dcache.mem_ctrl_req_valid: 0
# 356 lsu.dcache.mem_ctrl_req_type: READ
# 356 lsu.dcache.mem_ctrl_req_block_addr: 00000000
# 356 lsu.dcache.mem_ctrl_req_block_data: 0000000000000000
# 356 lsu.dcache.mem_ctrl_req_ready: 0
# 
# 356 lsu.dcache.mem_ctrl_resp_valid: 0
# 356 lsu.dcache.mem_ctrl_resp_block_data: 0000000000000000
# 
# 356 lsu.dcache.pipeline_resp_valid: 0
# 356 lsu.dcache.pipeline_resp_rd_data: 00000000
# 
#  
#  
#  
#  
# 366 lsu.dcache.pipeline_req_valid: 0
# 366 lsu.dcache.pipeline_req_type: READ
# 366 lsu.dcache.pipeline_req_width: BYTE
# 366 lsu.dcache.pipeline_req_addr: 00000000
# 366 lsu.dcache.pipeline_req_wr_data: 00000000
# 
# 366 lsu.dcache.pipeline_req_valid_latched: 0
# 366 lsu.dcache.pipeline_req_type_latched: READ
# 366 lsu.dcache.pipeline_req_width_latched: BYTE
# 366 lsu.dcache.pipeline_req_addr_latched: 00000000
# 
# 366 lsu.dcache.tag_array.csb0 (aL): 1
# 366 lsu.dcache.tag_array.web0 (aL): 1
# 366 lsu.dcache.tag_array.wmask0: 10
# 366 lsu.dcache.tag_array.addr0: 000000
# 366 lsu.dcache.tag_array.din0: 800000800000
# 366 lsu.dcache.tag_array.dout0: 000000800080
# 
# 366 lsu.dcache.data_array.csb0 (aL): 1
# 366 lsu.dcache.data_array.web0 (aL): 1
# 366 lsu.dcache.data_array.wmask0: xxxxxxxxxxxxxxxx
# 366 lsu.dcache.data_array.addr0: 000000
# 366 lsu.dcache.data_array.din0: 00000000000000000000000000000000
# 366 lsu.dcache.data_array.dout0: 00000000000000000000000000000000
# 
# 366 lsu.dcache.tag_array_hit: 0
# 
# 366 lsu.dcache.mem_ctrl_req_valid: 0
# 366 lsu.dcache.mem_ctrl_req_type: READ
# 366 lsu.dcache.mem_ctrl_req_block_addr: 00000000
# 366 lsu.dcache.mem_ctrl_req_block_data: 0000000000000000
# 366 lsu.dcache.mem_ctrl_req_ready: 0
# 
# 366 lsu.dcache.mem_ctrl_resp_valid: 0
# 366 lsu.dcache.mem_ctrl_resp_block_data: 0000000000000000
# 
# 366 lsu.dcache.pipeline_resp_valid: 0
# 366 lsu.dcache.pipeline_resp_rd_data: 00000000
# 
#  
#  
#  
#  
# 376 lsu.dcache.pipeline_req_valid: 0
# 376 lsu.dcache.pipeline_req_type: READ
# 376 lsu.dcache.pipeline_req_width: BYTE
# 376 lsu.dcache.pipeline_req_addr: 00000000
# 376 lsu.dcache.pipeline_req_wr_data: 00000000
# 
# 376 lsu.dcache.pipeline_req_valid_latched: 0
# 376 lsu.dcache.pipeline_req_type_latched: READ
# 376 lsu.dcache.pipeline_req_width_latched: BYTE
# 376 lsu.dcache.pipeline_req_addr_latched: 00000000
# 
# 376 lsu.dcache.tag_array.csb0 (aL): 1
# 376 lsu.dcache.tag_array.web0 (aL): 1
# 376 lsu.dcache.tag_array.wmask0: 10
# 376 lsu.dcache.tag_array.addr0: 000000
# 376 lsu.dcache.tag_array.din0: 800000800000
# 376 lsu.dcache.tag_array.dout0: 000000800080
# 
# 376 lsu.dcache.data_array.csb0 (aL): 1
# 376 lsu.dcache.data_array.web0 (aL): 1
# 376 lsu.dcache.data_array.wmask0: xxxxxxxxxxxxxxxx
# 376 lsu.dcache.data_array.addr0: 000000
# 376 lsu.dcache.data_array.din0: 00000000000000000000000000000000
# 376 lsu.dcache.data_array.dout0: 00000000000000000000000000000000
# 
# 376 lsu.dcache.tag_array_hit: 0
# 
# 376 lsu.dcache.mem_ctrl_req_valid: 0
# 376 lsu.dcache.mem_ctrl_req_type: READ
# 376 lsu.dcache.mem_ctrl_req_block_addr: 00000000
# 376 lsu.dcache.mem_ctrl_req_block_data: 0000000000000000
# 376 lsu.dcache.mem_ctrl_req_ready: 0
# 
# 376 lsu.dcache.mem_ctrl_resp_valid: 0
# 376 lsu.dcache.mem_ctrl_resp_block_data: 0000000000000000
# 
# 376 lsu.dcache.pipeline_resp_valid: 0
# 376 lsu.dcache.pipeline_resp_rd_data: 00000000
# 
#  
# ALL 0 DIRECTED TESTS PASSED
# ARF OUT AT CYCLE    10 AT TIME   381===================
# ARF[0]: 0x00000000
# ARF[1]: 0x00000000
# ARF[2]: 0x00010188
# ARF[3]: 0x00000000
# ARF[4]: 0x00000000
# ARF[5]: 0x00000000
# ARF[6]: 0x00000000
# ARF[7]: 0x00000000
# ARF[8]: 0x00010188
# ARF[9]: 0x00000000
# ARF[10]: 0x00000000
# ARF[11]: 0x00000000
# ARF[12]: 0x00000000
# ARF[13]: 0x00000000
# ARF[14]: 0x00000000
# ARF[15]: 0x00000000
# ARF[16]: 0x00000000
# ARF[17]: 0x00000000
# ARF[18]: 0x00000000
# ARF[19]: 0x00000000
# ARF[20]: 0x00000000
# ARF[21]: 0x00000000
# ARF[22]: 0x00000000
# ARF[23]: 0x00000000
# ARF[24]: 0x00000000
# ARF[25]: 0x00000000
# ARF[26]: 0x00000000
# ARF[27]: 0x00000000
# ARF[28]: 0x00000000
# ARF[29]: 0x00000000
# ARF[30]: 0x00000000
# ARF[31]: 0x00000000
# END ARF OUT =======================================
#  
# MAIN MEM OUT AT CYCLE    10 AT TIME   381===================
# MAIN_MEM[0x203400000004]: 0x00000000
# END MAIN MEM OUT =======================================
#  
# ** Note: $finish    : ./testing/top_tb.sv(551)
#    Time: 381 ns  Iteration: 0  Instance: /top_tb
# End time: 14:09:44 on Apr 25,2024, Elapsed time: 0:00:04
# Errors: 0, Warnings: 0, Suppressed Warnings: 9
